#
# There is insufficient memory for the Java Runtime Environment to continue.
# Native memory allocation (mmap) failed to map 266338304 bytes for G1 virtual space
# Possible reasons:
#   The system is out of physical RAM or swap space
#   The process is running with CompressedOops enabled, and the Java Heap may be blocking the growth of the native heap
# Possible solutions:
#   Reduce memory load on the system
#   Increase physical memory or swap space
#   Check if swap backing store is full
#   Decrease Java heap size (-Xmx/-Xms)
#   Decrease number of Java threads
#   Decrease Java thread stack sizes (-Xss)
#   Set larger code cache with -XX:ReservedCodeCacheSize=
#   JVM is running with Zero Based Compressed Oops mode in which the Java heap is
#     placed in the first 32GB address space. The Java Heap base address is the
#     maximum limit for the native heap growth. Please use -XX:HeapBaseMinAddress
#     to set the Java Heap base and to place the Java Heap above 32GB virtual address.
# This output file may be truncated or incomplete.
#
#  Out of Memory Error (os_windows.cpp:3528), pid=20732, tid=21400
#
# JRE version:  (20.0+36) (build )
# Java VM: Java HotSpot(TM) 64-Bit Server VM (20+36-2344, mixed mode, sharing, tiered, compressed oops, compressed class ptrs, g1 gc, windows-amd64)
# No core dump will be written. Minidumps are not enabled by default on client versions of Windows
#

---------------  S U M M A R Y ------------

Command Line: -Dfile.encoding=UTF-8 --module-path=C:\Users\ABC\Documents\NetBeansProjects\Hotel Management System\build\classes hotel.management.system.AddRooms

Host: Intel(R) Core(TM) i5-6300U CPU @ 2.40GHz, 4 cores, 15G,  Windows 10 , 64 bit Build 19041 (10.0.19041.5915)
Time: Wed Jul 30 19:22:52 2025 India Standard Time elapsed time: 0.019295 seconds (0d 0h 0m 0s)

---------------  T H R E A D  ---------------

Current thread (0x000002181a0f2f10):  JavaThread "Unknown thread" [_thread_in_vm, id=21400, stack(0x000000fe82600000,0x000000fe82700000)]

Stack: [0x000000fe82600000,0x000000fe82700000]
Native frames: (J=compiled Java code, j=interpreted, Vv=VM code, C=native code)
V  [jvm.dll+0x6bb95a]
V  [jvm.dll+0x8483aa]
V  [jvm.dll+0x849fa5]
V  [jvm.dll+0x84a6a3]
V  [jvm.dll+0x280b0f]
V  [jvm.dll+0x6b86e9]
V  [jvm.dll+0x6ad2da]
V  [jvm.dll+0x35adf5]
V  [jvm.dll+0x363016]
V  [jvm.dll+0x3b3b3e]
V  [jvm.dll+0x3b3dc5]
V  [jvm.dll+0x32b50a]
V  [jvm.dll+0x32c32b]
V  [jvm.dll+0x81106f]
V  [jvm.dll+0x3c0d91]
V  [jvm.dll+0x7fcd93]
V  [jvm.dll+0x44c76f]
V  [jvm.dll+0x44e0e1]
C  [jli.dll+0x5287]
C  [ucrtbase.dll+0x21bb2]
C  [KERNEL32.DLL+0x17374]
C  [ntdll.dll+0x4cc91]


---------------  P R O C E S S  ---------------

Threads class SMR info:
_java_thread_list=0x00007ff850d6a098, length=0, elements={
}

Java Threads: ( => current thread )

Other Threads:
  0x000002181a160240 WorkerThread "GC Thread#0" [stack: 0x000000fe82700000,0x000000fe82800000] [id=19556]
  0x000002181a171f50 ConcurrentGCThread "G1 Main Marker" [stack: 0x000000fe82800000,0x000000fe82900000] [id=18812]
  0x000002181a1731d0 WorkerThread "G1 Conc#0" [stack: 0x000000fe82900000,0x000000fe82a00000] [id=8844]

[error occurred during error reporting (printing all threads), id 0xc0000005, EXCEPTION_ACCESS_VIOLATION (0xc0000005) at pc=0x00007ff85054eb47]
VM state: not at safepoint (not fully initialized)

VM Mutex/Monitor currently owned by a thread:  ([mutex/lock_event])
[0x000002181a0ef050] Heap_lock - owner thread: 0x000002181a0f2f10

Heap address: 0x0000000702c00000, size: 4052 MB, Compressed Oops mode: Zero based, Oop shift amount: 3

CDS archive(s) mapped at: [0x0000000000000000-0x0000000000000000-0x0000000000000000), size 0, SharedBaseAddress: 0x0000000800000000, ArchiveRelocationMode: 0.
Narrow klass base: 0x0000000000000000, Narrow klass shift: 0, Narrow klass range: 0x0

GC Precious Log:
 CardTable entry size: 512
 Card Set container configuration: InlinePtr #cards 4 size 8 Array Of Cards #cards 16 size 48 Howl #buckets 8 coarsen threshold 3686 Howl Bitmap #cards 512 size 80 coarsen threshold 460 Card regions per heap region 1 cards per card region 4096

Heap:
 garbage-first heap   total 0K, used 0K [0x0000000702c00000, 0x0000000800000000)
  region size 2048K, 0 young (0K), 0 survivors (0K)

[error occurred during error reporting (printing heap information), id 0xc0000005, EXCEPTION_ACCESS_VIOLATION (0xc0000005) at pc=0x00007ff850923c59]
GC Heap History (0 events):
No events

Dll operation events (1 events):
Event: 0.012 Loaded shared library C:\Program Files\Java\jdk-20\bin\java.dll

Deoptimization events (0 events):
No events

Classes loaded (0 events):
No events

Classes unloaded (0 events):
No events

Classes redefined (0 events):
No events

Internal exceptions (0 events):
No events

VM Operations (0 events):
No events

Events (0 events):
No events


Dynamic libraries:
0x00007ff622bf0000 - 0x00007ff622c00000 	C:\Program Files\Java\jdk-20\bin\java.exe
0x00007ff8b6cb0000 - 0x00007ff8b6ea8000 	C:\Windows\SYSTEM32\ntdll.dll
0x00007ff8b4cd0000 - 0x00007ff8b4d92000 	C:\Windows\System32\KERNEL32.DLL
0x00007ff8b4760000 - 0x00007ff8b4a57000 	C:\Windows\System32\KERNELBASE.dll
0x00007ff8b4420000 - 0x00007ff8b4520000 	C:\Windows\System32\ucrtbase.dll
0x00007ff8afb30000 - 0x00007ff8afb49000 	C:\Program Files\Java\jdk-20\bin\jli.dll
0x00007ff8af950000 - 0x00007ff8af96b000 	C:\Program Files\Java\jdk-20\bin\VCRUNTIME140.dll
0x00007ff8b5cc0000 - 0x00007ff8b5d71000 	C:\Windows\System32\ADVAPI32.dll
0x00007ff8b5920000 - 0x00007ff8b59be000 	C:\Windows\System32\msvcrt.dll
0x00007ff8b5050000 - 0x00007ff8b50ef000 	C:\Windows\System32\sechost.dll
0x00007ff8b67c0000 - 0x00007ff8b68e6000 	C:\Windows\System32\RPCRT4.dll
0x00007ff8b4c70000 - 0x00007ff8b4c97000 	C:\Windows\System32\bcrypt.dll
0x00007ff8b6ad0000 - 0x00007ff8b6c6d000 	C:\Windows\System32\USER32.dll
0x00007ff8b4ca0000 - 0x00007ff8b4cc2000 	C:\Windows\System32\win32u.dll
0x00007ff8b5c10000 - 0x00007ff8b5c3b000 	C:\Windows\System32\GDI32.dll
0x00007ff8b45c0000 - 0x00007ff8b46d9000 	C:\Windows\System32\gdi32full.dll
0x00007ff8b4520000 - 0x00007ff8b45bd000 	C:\Windows\System32\msvcp_win.dll
0x00007ff8a21e0000 - 0x00007ff8a247a000 	C:\Windows\WinSxS\amd64_microsoft.windows.common-controls_6595b64144ccf1df_6.0.19041.5915_none_60b4b9d171f9c7c7\COMCTL32.dll
0x00007ff8aba30000 - 0x00007ff8aba3a000 	C:\Windows\SYSTEM32\VERSION.dll
0x00007ff8b69d0000 - 0x00007ff8b69ff000 	C:\Windows\System32\IMM32.DLL
0x00007ff8afa30000 - 0x00007ff8afa3c000 	C:\Program Files\Java\jdk-20\bin\vcruntime140_1.dll
0x00007ff88b180000 - 0x00007ff88b20e000 	C:\Program Files\Java\jdk-20\bin\msvcp140.dll
0x00007ff850210000 - 0x00007ff850ea7000 	C:\Program Files\Java\jdk-20\bin\server\jvm.dll
0x00007ff8adb90000 - 0x00007ff8adb99000 	C:\Windows\SYSTEM32\WSOCK32.dll
0x00007ff8b6a60000 - 0x00007ff8b6acb000 	C:\Windows\System32\WS2_32.dll
0x00007ff8a2a00000 - 0x00007ff8a2a27000 	C:\Windows\SYSTEM32\WINMM.dll
0x00007ff8b2b60000 - 0x00007ff8b2b72000 	C:\Windows\SYSTEM32\kernel.appcore.dll
0x00007ff8ac710000 - 0x00007ff8ac71a000 	C:\Program Files\Java\jdk-20\bin\jimage.dll
0x00007ff8a2b60000 - 0x00007ff8a2d61000 	C:\Windows\SYSTEM32\DBGHELP.DLL
0x00007ff89e620000 - 0x00007ff89e654000 	C:\Windows\SYSTEM32\dbgcore.DLL
0x00007ff8b4340000 - 0x00007ff8b43c2000 	C:\Windows\System32\bcryptPrimitives.dll
0x00007ff8adb60000 - 0x00007ff8adb86000 	C:\Program Files\Java\jdk-20\bin\java.dll

dbghelp: loaded successfully - version: 4.0.5 - missing functions: none
symbol engine: initialized successfully - sym options: 0x614 - pdb path: .;C:\Program Files\Java\jdk-20\bin;C:\Windows\SYSTEM32;C:\Windows\WinSxS\amd64_microsoft.windows.common-controls_6595b64144ccf1df_6.0.19041.5915_none_60b4b9d171f9c7c7;C:\Program Files\Java\jdk-20\bin\server

VM Arguments:
jvm_args: -Dfile.encoding=UTF-8 --module-path=C:\Users\ABC\Documents\NetBeansProjects\Hotel Management System\build\classes 
java_command: hotel.management.system.AddRooms
java_class_path (initial): C:\Users\ABC\Downloads\mysql-connector-java-8.0.28.jar;C:\Users\ABC\Downloads\rs2xml.jar;C:\Users\ABC\Documents\NetBeansProjects\Hotel Management System\build\classes
Launcher Type: SUN_STANDARD

[Global flags]
     intx CICompilerCount                          = 3                                         {product} {ergonomic}
     uint ConcGCThreads                            = 1                                         {product} {ergonomic}
     uint G1ConcRefinementThreads                  = 4                                         {product} {ergonomic}
   size_t G1HeapRegionSize                         = 2097152                                   {product} {ergonomic}
    uintx GCDrainStackTargetSize                   = 64                                        {product} {ergonomic}
   size_t InitialHeapSize                          = 266338304                                 {product} {ergonomic}
   size_t MarkStackSize                            = 4194304                                   {product} {ergonomic}
   size_t MaxHeapSize                              = 4248829952                                {product} {ergonomic}
   size_t MinHeapDeltaBytes                        = 2097152                                   {product} {ergonomic}
   size_t MinHeapSize                              = 8388608                                   {product} {ergonomic}
    uintx NonNMethodCodeHeapSize                   = 5832780                                {pd product} {ergonomic}
    uintx NonProfiledCodeHeapSize                  = 122912730                              {pd product} {ergonomic}
    uintx ProfiledCodeHeapSize                     = 122912730                              {pd product} {ergonomic}
    uintx ReservedCodeCacheSize                    = 251658240                              {pd product} {ergonomic}
     bool SegmentedCodeCache                       = true                                      {product} {ergonomic}
   size_t SoftMaxHeapSize                          = 4248829952                             {manageable} {ergonomic}
     bool UseCompressedClassPointers               = true                           {product lp64_product} {ergonomic}
     bool UseCompressedOops                        = true                           {product lp64_product} {ergonomic}
     bool UseG1GC                                  = true                                      {product} {ergonomic}
     bool UseLargePagesIndividualAllocation        = false                                  {pd product} {ergonomic}

Logging:
Log output configuration:
 #0: stdout all=warning uptime,level,tags foldmultilines=false
 #1: stderr all=off uptime,level,tags foldmultilines=false

Environment Variables:
JAVA_HOME=C:\Users\ABC\AppData\Local\Programs\Eclipse Adoptium\jdk-17.0.6.10-hotspot\
PATH=C:\Program Files\Python313\Scripts\;C:\Program Files\Python313\;C:\Program Files\Common Files\Oracle\Java\javapath;C:\Windows\system32;C:\Windows;C:\Windows\System32\Wbem;C:\Windows\System32\WindowsPowerShell\v1.0\;C:\Program Files\Java\jdk-20\bin;C:\Program Files\Java\jdk-20\bin;C:\MinGW\bin;C:\Program Files\Git\cmd;C:\Program Files\MySQL\MySQL Shell 8.0\bin\;C:\Users\ABC\AppData\Local\Programs\Python\Python311\Scripts\;C:\Users\ABC\AppData\Local\Programs\Python\Python311\;C:\Users\ABC\AppData\Local\Programs\Eclipse Adoptium\jdk-17.0.6.10-hotspot\bin;C:\Users\ABC\AppData\Local\Microsoft\WindowsApps;C:\Users\ABC\AppData\Local\Programs\Microsoft VS Code\bin;C:\MinGW\bin;;C:\Program Files\JetBrains\IntelliJ IDEA Community Edition 2024.3.2.2\bin;;C:\Program Files\JetBrains\PyCharm Community Edition 2024.3.4\bin;
USERNAME=ABC
OS=Windows_NT
PROCESSOR_IDENTIFIER=Intel64 Family 6 Model 78 Stepping 3, GenuineIntel
TMP=C:\Users\ABC\AppData\Local\Temp
TEMP=C:\Users\ABC\AppData\Local\Temp




---------------  S Y S T E M  ---------------

OS:
 Windows 10 , 64 bit Build 19041 (10.0.19041.5915)
OS uptime: 0 days 4:31 hours

CPU: total 4 (initial active 4) (2 cores per cpu, 2 threads per core) family 6 model 78 stepping 3 microcode 0xcc, cx8, cmov, fxsr, ht, mmx, 3dnowpref, sse, sse2, sse3, ssse3, sse4.1, sse4.2, popcnt, lzcnt, tsc, tscinvbit, avx, avx2, aes, erms, clmul, bmi1, bmi2, rtm, adx, fma, vzeroupper, clflush, clflushopt, rdtscp, f16c

Memory: 4k page, system-wide physical 16203M (7215M free)
TotalPageFile size 32905M (AvailPageFile size 13M)
current process WorkingSet (physical memory assigned to process): 10M, peak: 10M
current process commit charge ("private bytes"): 52M, peak: 306M

vm_info: Java HotSpot(TM) 64-Bit Server VM (20+36-2344) for windows-amd64 JRE (20+36-2344), built on 2023-02-10T19:30:15Z by "mach5one" with MS VC++ 17.1 (VS2022)

END.
